6 1 20
227 10 1
116 6 24
382 12 1
35 6 60
330 4 4
116 44 9
18 29 10
199 30 1
116 35 2
27 1 43
36 15 8
150 1 1
116 32 15
35 14 14
308 19 12
27 8 42
134 40 1
58 2 26
220 14 2
35 10 44
391 3 13
61 1 17
1 64 2
18 57 7
215 25 1
308 15 8
244 24 7
1 2 18
35 39 10
308 23 19
1 11 2
271 11 15
91 4 7
116 33 15
116 14 34
116 12 43
108 50 1
91 4 47
91 2 45
292 1 10
27 7 54
91 2 4
116 52 17
66 4 3
1 2 10
120 15 1
18 37 9
330 13 4
244 5 8
391 1 14
1 10 13
10 50 3
116 15 1
1 2 64
167 4 22
35 13 29
30 3 2
116 29 12
22 20 1
327 3 10
21 40 1
116 9 34
391 2 7
116 19 32
308 21 18
281 13 1
289 18 2
35 13 47
144 35 2
258 1 10
116 11 49
91 2 35
116 12 49
116 7 42
35 5 49
124 17 3
1 37 2
104 1 49
1 11 46
116 15 3
104 2 4
1 10 47
116 12 8
308 15 16
308 17 9
1 6 2
244 34 8
308 15 8
36 56 7
18 19 1
116 10 29
116 27 13
116 8 20
35 10 58
281 5 24
35 17 8
1 6 63
116 23 16
10 16 5
244 10 8
118 3 35
1 5 10
116 15 34
116 16 48
1 3 17
116 6 44
91 3 51
308 23 21
289 21 3
308 23 18
18 27 13
239 36 3
103 1 51
40 32 2
339 6 2
116 7 4
116 19 46
91 4 16
244 31 1
18 32 6
116 6 20
1 9 13
61 2 13
91 2 22
35 11 38
1 45 2
35 42 13
35 34 9
55 6 8
244 19 7
36 23 4
35 24 11
244 3 5
35 64 2
339 5 21
35 8 58
281 13 2
91 4 52
254 25 2
35 13 60
244 4 10
308 15 11
116 46 15
116 42 14
83 1 19
116 10 16
16 1 31
116 14 19
27 5 22
363 13 4
35 51 4
116 34 5
395 5 1
116 15 5
116 24 12
18 23 2
116 23 16
116 31 4
35 26 9
116 16 21
18 15 2
116 15 5
116 10 48
153 4 4
35 4 63
35 48 6
116 16 38
55 5 7
1 4 17
363 4 7
60 44 2
116 9 8
410 8 7
1 2 24
289 28 4
91 4 35
281 2 15
116 10 31
35 10 53
35 10 50
35 53 5
261 1 17
356 2 8
308 24 16
18 32 9
242 2 2
116 16 26
27 8 52
18 18 2
413 1 8
35 6 61
271 6 13
35 35 10
18 49 4
16 2 59
35 8 18
63 29 1
18 18 11
25 47 2
116 52 3
27 4 24
35 10 19
244 8 14
308 5 22
308 18 15
244 6 26
116 9 35
308 20 20
116 49 11
332 5 1
244 5 33
1 44 2
220 25 5
1 30 1
308 1 12
18 15 6
118 2 19
244 2 4
244 7 22
116 37 6
36 21 1
1 11 23
116 12 10
63 40 2
124 42 3
35 18 4
116 15 40
1 24 3
271 8 14
220 5 4
16 2 38
1 69 2
36 17 11
91 3 10
363 9 5
370 1 2
35 23 9
50 4 3
116 41 18
354 1 13
60 34 2
248 8 1
281 16 3
23 8 1
244 2 8
27 6 36
116 26 18
308 26 14
36 26 6
116 22 50
356 4 4
1 28 4
36 4 13
18 59 3
1 3 37
116 35 12
108 43 2
308 2 10
116 16 16
36 63 7
339 1 15
308 24 22
25 39 4
138 1 14
18 34 6
144 18 2
134 12 2
116 9 18
244 22 10
244 28 7
36 66 7
116 1 33
239 38 4
244 31 8
35 13 33
116 12 49
18 58 13
181 40 3
30 4 11
73 1 23
18 17 11
27 4 30
244 2 28
25 26 2
18 11 7
116 25 9
35 38 7
1 20 5
116 22 24
1 11 56
116 11 35
91 3 33
36 17 7
18 55 13
10 60 3
35 7 21
10 67 2
308 1 15
25 50 4
308 12 13
308 14 22
1 70 2
244 11 6
1 2 17
35 10 47
36 29 6
254 34 3
281 3 7
63 12 2
1 31 3
220 19 4
116 18 14
281 4 11
332 3 1
410 2 8
116 46 8
25 45 1
308 7 5
36 28 7
221 4 30
18 52 3
116 8 35
35 9 20
308 24 12
281 3 18
1 2 9
271 2 19
35 42 2
35 1 60
36 52 4
173 7 4
363 7 5
1 3 66
116 4 36
18 13 13
18 14 13
35 12 25
1 5 26
220 27 5
35 10 47
281 26 7
18 44 7
1 43 3
36 64 8
35 7 41
253 1 13
116 19 31
1 14 10
363 18 3
281 13 4
1 45 4
18 57 13
1 3 56
1 1 27
116 36 11
36 26 8
308 13 24
12 1 7
116 46 3
116 13 25
116 47 13
35 13 10
116 31 13
391 2 12
35 9 60
27 8 51
1 3 58
18 17 13
10 48 3
1 2 7
308 21 8
250 18 3
116 17 15
116 24 14
120 38 1
410 9 1
10 44 3
116 35 12
18 45 9
259 20 1
244 30 9
18 46 10
308 8 8
116 12 9
46 1 54
167 1 14
27 5 45
116 10 49
1 6 25
36 51 10
116 28 13
116 10 8
116 18 46
116 3 33
103 2 23
116 3 50
27 8 19
25 68 3
116 20 4
167 3 38
199 32 1
1 4 30
116 7 50
116 17 52
116 40 13
36 37 9
36 28 12
23 39 2
116 17 9
1 3 58
281 5 14
35 10 21
21 38 1
327 3 6
35 9 18
25 3 5
308 6 16
116 17 24
308 27 8
116 11 9
271 7 8
35 41 13
116 6 43
122 2 2
35 20 5
61 3 58
1 8 39
339 3 6
18 59 14
1 4 7
356 13 7
35 6 44
7 4 1
151 4 1
308 19 16
35 13 52
382 2 1
18 12 12
35 10 13
1 8 38
35 14 17
116 15 51
35 11 14
6 1 23
120 14 1
144 11 1
35 66 16
1 3 11
116 9 38
1 8 41
104 1 15
23 14 1
27 3 53
1 45 2
63 15 1
36 5 11
18 43 12
35 48 10
244 6 11
1 5 33
35 8 44
1 5 52
1 42 2
35 10 39
35 10 46
35 13 32
83 2 25
116 28 3
36 32 10
25 29 1
6 1 37
16 1 25
40 17 1
25 56 1
269 11 1
36 13 9
36 42 13
181 38 3
116 6 16
1 21 5
36 38 7
256 12 1
108 16 2
18 23 13
296 20 2
21 24 1
1 3 31
1 2 45
173 45 3
308 25 7
103 2 49
116 18 28
49 1 10
18 2 8
116 33 16
248 22 2
1 2 22
308 15 14
1 4 30
18 12 9
91 5 7
330 19 2
35 42 9
116 5 16
167 2 23
281 15 3
116 8 24
116 6 29
18 27 12
25 53 4
25 19 1
35 21 16
116 14 35
116 24 8
36 47 13
116 26 11
116 22 11
36 26 7
289 17 3
10 35 5
35 40 3
410 2 6
363 3 8
244 3 26
244 1 16
339 5 17
27 8 38
281 7 25
91 2 5
63 35 1
116 17 31
149 1 17
35 8 32
36 19 13
35 38 8
35 54 9
35 60 14
244 2 2
1 9 24
116 9 8
308 16 2
244 1 33
116 17 5
18 32 6
27 8 47
21 33 1
271 12 21
244 34 11
116 15 42
339 4 7
116 28 4
260 1 25
35 26 13
223 1 10
36 60 9
36 48 6
223 1 16
116 54 3
281 22 6
10 44 1
35 13 42
116 17 7
290 9 1
116 5 16
244 34 7
116 8 18
308 5 24
356 11 6
271 11 7
382 11 7
248 28 3
116 21 14
10 44 4
339 1 13
36 30 6
35 11 28
1 47 4
116 16 25
1 73 4
108 30 2
53 2 29
244 26 8
35 7 21
118 2 21
35 21 15
116 49 15
1 9 59
167 1 14
271 4 5
61 3 25
116 8 9
153 38 3
187 35 1
244 2 6
1 3 63
1 2 7
116 5 23
281 5 11
116 51 12
10 71 1
116 9 40
144 22 1
316 17 1
239 27 4
83 3 26
153 11 1
281 26 4
27 3 48
36 50 6
244 18 4
36 28 5
27 4 61
171 5 1
36 64 7
116 6 9
36 39 9
116 46 12
217 1 18
244 2 17
281 3 24
155 1 16
308 2 13
116 15 52
36 15 8
18 36 9
1 5 57
116 55 10
18 26 13
233 1 23
154 25 1
244 2 15
116 11 17
271 8 20
1 46 2
35 10 53
116 8 13
35 13 47
18 60 5
36 9 9
25 32 2
271 8 5
69 39 1
35 9 54
1 18 6
18 56 9
27 6 40
18 41 11
116 40 4
1 29 4
36 9 9
116 6 36
141 1 6
248 8 2
116 5 24
116 34 3
36 45 7
1 2 2
22 62 1
36 5 11
35 13 3
116 39 17
35 5 35
10 7 3
116 36 8
116 10 16
187 14 1
308 20 14
173 14 3
281 24 3
36 3 11
116 22 31
116 39 14
244 11 1
1 9 44
271 7 29
244 1 15
118 1 41
1 25 2
35 19 11
175 3 2
1 68 1
271 3 6
35 5 39
35 11 34
253 3 19
244 30 6
53 1 52
187 21 2
1 9 30
36 65 8
116 33 9
259 15 1
1 10 65
281 2 22
116 37 9
82 1 39
35 22 9
36 64 2
173 31 3
25 23 1
1 62 3
134 21 3
30 2 10
35 1 9
18 58 13
1 2 58
244 25 8
1 2 16
35 13 13
1 26 1
1 21 2
116 25 14
278 2 6
1 10 5
167 4 40
167 1 42
116 39 12
338 1 2
116 13 22
250 2 3
297 29 2
18 37 4
35 9 24
1 7 29
116 11 51
308 23 14
35 53 12
116 27 12
1 6 2
410 1 2
116 2 2
116 10 30
35 3 35
1 9 2
36 53 3
18 21 12
116 2 24
35 26 8
116 25 5
1 2 47
315 1 15
116 7 4
35 56 12
176 1 12
1 3 67
116 25 14
271 6 4
36 50 8
10 29 4
116 3 27
167 3 35
1 52 2
239 18 3
35 52 3
296 12 1
1 6 60
221 1 29
1 29 3
36 11 8
53 1 42
129 2 22
116 8 15
1 47 2
134 14 2
116 23 11
116 4 38
35 9 44
18 28 1
104 1 42
1 14 1
116 6 40
135 4 4
391 9 2
281 7 17
27 2 56
308 17 6
339 6 3
239 9 4
1 61 4
129 2 37
108 52 2
116 25 8
36 12 9
431 2 5
35 35 9
149 1 37
181 14 1
254 10 3
124 14 2
18 70 11
339 5 9
35 12 37
27 2 36
23 21 2
221 1 4
91 3 32
281 3 13
1 60 2
138 1 24
244 1 13
116 5 34
116 18 34
260 1 22
239 29 1
153 47 2
18 23 9
339 4 6
116 17 46
116 12 32
35 11 50
116 15 7
36 51 8
153 49 2
116 2 42
116 10 28
221 3 32
356 6 11
18 39 12
1 42 3
18 66 7
35 34 9
1 36 5
116 39 10
35 8 41
1 8 18
35 14 5
308 13 16
1 53 2
158 4 1
1 9 56
1 10 41
244 2 12
35 12 17
308 4 4
1 37 6
308 12 23
181 34 2
27 3 34
211 3 1
91 2 16
1 72 6
244 7 30
281 12 2
18 52 3
21 36 1
176 1 26
271 9 17
1 14 8
23 32 1
154 9 1
116 30 12
116 3 41
116 18 36
281 13 7
1 59 1
116 40 13
116 7 49
1 73 3
1 3 41
338 3 8
221 3 25
116 36 12
35 8 44
1 20 6
83 2 47
25 34 2
244 5 21
244 15 9
281 22 3
116 6 17
18 63 10
1 60 4
116 19 23
35 11 3
116 9 32
116 53 8
278 2 8
18 45 13
35 66 12
35 66 16
116 15 19
35 5 47
18 45 6
18 17 12
116 19 25
116 8 23
116 2 28
281 5 25
35 9 53
1 10 25
1 2 12
116 35 14
27 1 48
330 6 2
244 18 7
261 1 9
1 3 34
36 66 2
25 27 1
116 9 32
116 31 13
1 39 2
82 1 37
1 8 3
221 5 34
77 18 1
