11 7 1
4 6 11
26 2 1
4 1 11
13 1 11
4 5 23
4 7 33
66 18 2
32 5 17
52 2 10
1 3 15
32 12 6
34 2 12
82 1 12
24 6 1
19 29 3
94 12 9
52 15 10
32 10 4
114 2 1
7 9 5
4 2 14
7 2 3
1 5 21
52 22 4
21 1 9
4 8 23
24 1 24
53 9 3
52 21 7
4 6 12
4 3 10
4 10 2
4 9 15
15 16 5
32 3 19
1 4 30
94 4 11
15 12 2
15 20 4
3 34 1
33 19 1
2 8 2
15 26 5
50 15 1
32 2 16
1 2 12
1 2 16
78 8 5
78 8 10
15 27 5
32 5 5
1 15 3
15 28 4
42 18 1
52 9 8
7 13 1
10 1 29
6 24 1
94 4 10
15 1 2
72 1 3
114 6 4
128 3 1
103 6 8
1 3 24
1 29 2
1 17 2
110 1 6
13 1 26
4 6 4
2 10 1
1 34 2
24 20 2
32 27 4
9 2 4
32 11 6
15 23 3
15 24 3
52 15 15
1 18 2
32 6 7
11 33 2
69 1 9
1 13 3
32 22 5
7 19 6
33 7 1
4 7 31
32 22 4
4 4 27
88 1 3
1 2 21
11 13 2
34 2 22
52 5 13
32 4 14
33 19 1
11 24 2
15 30 1
78 8 11
52 13 1
32 28 4
15 19 1
1 29 3
32 2 4
86 15 1
64 2 17
52 7 2
94 2 6
32 15 7
32 3 9
52 15 3
94 11 8
70 8 1
37 20 1
32 14 4
32 5 15
1 26 3
7 14 4
52 3 19
52 7 13
4 4 6
7 30 5
4 3 15
11 23 2
52 15 11
112 9 2
74 4 14
52 4 20
52 18 14
1 30 2
1 4 11
1 11 3
1 6 23
1 3 27
32 21 4
94 6 2
32 6 16
13 1 16
4 6 22
52 10 11
96 1 10
11 28 1
97 10 2
112 1 5
78 7 10
1 21 2
4 4 17
74 10 3
52 2 14
32 23 4
41 1 11
7 25 2
15 32 2
15 29 4
1 5 2
15 11 5
32 21 6
1 23 1
24 10 2
78 8 15
19 28 3
52 10 23
1 5 22
1 2 26
4 4 20
64 2 8
32 5 19
52 22 11
52 7 13
15 11 4
32 7 16
52 10 12
53 14 1
42 17 2
52 18 13
1 16 2
88 14 7
23 5 3
19 1 17
1 6 23
4 7 20
108 5 1
52 3 12
140 1 2
103 5 8
43 1 1
9 3 7
87 7 1
4 6 30
62 9 3
15 21 3
70 16 1
32 3 19
32 6 16
7 13 4
64 1 13
52 18 13
78 13 3
32 3 25
34 2 12
9 1 5
88 2 6
1 32 2
103 4 8
1 25 4
78 4 7
32 28 7
110 2 4
52 14 2
52 15 8
97 6 2
96 1 10
95 4 10
32 3 21
94 11 11
53 9 2
78 8 14
109 1 7
1 3 30
94 11 10
74 15 3
1 6 31
1 1 9
1 30 1
52 3 10
112 1 2
52 21 2
32 28 6
1 33 2
52 16 9
41 1 4
32 22 2
32 14 3
15 26 3
71 8 1
32 19 4
32 21 7
34 4 23
32 2 15
9 3 7
52 5 20
32 28 6
52 9 14
11 7 2
52 4 15
32 3 15
10 2 14
11 24 2
4 7 23
80 13 1
19 17 1
14 2 6
52 7 14
78 8 7
52 21 8
112 6 2
88 3 10
15 5 6
32 7 24
99 11 1
13 1 13
21 1 14
34 1 16
32 17 7
53 7 2
78 6 8
81 4 1
19 1 19
94 12 9
62 12 2
60 1 20
32 14 4
9 5 6
4 6 5
34 2 8
4 3 3
33 5 1
9 5 7
1 2 3
74 9 1
19 1 22
1 5 31
94 1 13
103 6 5
4 8 18
52 3 7
34 2 23
1 20 2
15 27 3
7 32 6
1 13 3
1 2 31
52 3 13
1 1 12
52 21 6
1 6 13
74 1 7
52 3 4
96 1 10
45 18 1
78 11 8
21 1 8
34 1 17
19 20 1
62 8 3
78 7 5
32 2 28
34 2 17
10 2 17
1 2 10
7 18 7
74 1 14
4 6 15
23 7 2
88 12 1
4 7 18
1 19 2
32 5 9
32 19 7
1 15 2
19 28 3
52 3 11
10 2 28
53 14 2
33 13 1
7 33 2
22 1 2
52 23 3
53 20 2
114 1 6
70 7 1
52 5 20
19 16 2
1 3 31
1 34 2
19 29 2
52 8 5
88 2 8
4 5 18
74 4 1
19 1 24
4 2 29
34 1 7
4 6 15
32 23 1
52 7 15
82 1 13
4 1 30
53 12 2
4 3 23
64 2 2
106 2 8
15 21 4
1 3 34
52 2 11
4 2 1
74 3 6
52 21 8
42 12 2
7 2 4
10 1 18
15 3 5
74 4 6
78 11 7
19 1 19
34 2 16
44 1 5
21 1 22
66 10 2
6 21 1
52 2 2
1 3 6
32 2 16
4 8 26
95 2 10
121 7 4
15 20 4
1 2 29
74 1 10
32 7 23
1 6 26
1 23 3
94 5 2
32 17 7
78 2 9
95 4 3
52 4 11
1 26 3
1 6 17
62 15 3
32 7 20
121 4 3
52 7 10
34 4 23
1 6 30
17 9 1
7 16 3
19 13 1
60 1 8
24 21 2
1 23 3
1 5 18
15 25 4
62 4 2
42 20 1
126 1 2
7 15 3
15 27 3
32 5 24
7 21 3
32 9 10
1 11 2
109 2 3
7 27 3
15 29 5
52 2 5
32 3 1
32 6 8
11 27 1
78 8 2
32 29 4
15 14 5
1 6 26
106 2 2
52 15 12
15 24 2
78 7 1
53 12 2
52 5 19
4 6 19
32 3 7
15 21 4
32 24 7
52 3 1
6 29 1
11 1 1
32 21 3
114 2 6
59 2 3
1 36 2
1 29 3
97 11 1
4 1 19
1 3 21
4 1 20
15 6 4
52 10 9
52 12 15
7 20 4
1 36 2
52 9 9
32 6 1
7 19 7
102 3 2
7 25 2
4 6 30
52 21 7
3 28 1
15 10 3
4 2 19
32 13 7
1 35 4
15 17 4
19 16 3
7 13 2
80 9 1
78 5 13
4 6 9
7 26 4
34 4 24
78 8 13
9 4 3
4 7 13
7 25 1
32 4 15
4 9 30
42 2 1
114 1 4
4 3 25
34 3 14
32 1 23
78 10 2
42 18 1
78 8 16
114 3 6
1 8 3
74 2 10
62 4 3
42 5 2
32 8 6
52 21 10
4 5 3
4 7 26
1 5 31
52 18 3
7 27 4
32 10 5
4 5 18
34 4 14
83 2 3
52 21 6
21 1 7
114 4 4
10 1 26
42 26 1
1 2 9
94 1 11
52 23 8
52 7 12
4 6 23
1 1 4
7 13 3
114 4 3
4 5 31
69 1 7
53 8 2
52 6 21
7 26 4
32 10 8
15 23 2
52 15 13
10 2 9
78 4 2
7 16 7
32 28 4
4 9 18
62 12 3
52 23 8
1 18 3
52 15 12
11 3 2
1 19 2
1 2 9
34 2 18
4 8 11
78 4 9
4 9 19
32 5 3
52 4 9
32 3 14
42 8 1
98 1 1
114 3 2
42 7 2
1 28 3
62 4 2
7 1 5
21 1 14
1 21 2
10 2 31
4 6 23
95 4 4
64 2 3
78 13 5
52 15 1
52 18 5
52 9 9
32 6 7
32 3 23
23 5 2
94 13 6
1 4 33
4 6 10
32 27 4
78 8 2
52 3 18
64 1 9
4 8 9
7 16 7
1 19 2
15 14 4
13 1 22
19 12 1
52 8 15
95 4 8
52 23 11
32 24 4
4 9 8
32 16 6
62 15 3
1 8 3
64 1 17
32 26 6
4 4 13
1 3 8
52 5 16
3 1 8
1 25 2
110 2 7
52 15 8
94 2 7
78 5 13
114 3 8
1 33 2
1 3 22
1 5 9
64 3 7
1 9 1
82 1 3
52 10 8
52 15 3
32 24 2
32 16 1
114 6 9
32 24 4
4 6 8
74 3 10
10 1 28
52 10 18
11 19 2
1 36 1
7 29 3
45 25 1
97 11 2
7 22 7
28 2 5
22 4 1
95 9 2
88 14 1
24 1 23
15 12 2
1 2 27
31 1 1
11 25 2
32 4 18
24 1 13
32 10 4
4 4 32
52 9 7
64 2 10
7 18 3
32 10 1
32 21 5
7 24 6
4 11 3
52 1 17
32 9 5
74 2 3
52 12 15
120 3 2
24 1 8
32 3 22
11 17 2
3 1 2
24 16 2
1 2 18
32 5 24
7 32 1
52 2 13
1 1 24
1 1 19
34 4 17
52 10 21
94 2 8
1 5 2
88 13 4
1 28 3
4 4 17
28 4 2
138 1 1
32 4 4
4 6 22
32 4 14
52 3 9
7 22 4
19 17 2
4 6 29
52 19 6
19 12 2
78 4 9
32 6 20
52 9 7
24 28 2
4 2 25
59 1 11
37 8 1
24 11 1
69 1 15
11 24 1
109 1 8
45 9 1
52 9 9
42 13 2
52 5 11
1 6 30
23 2 3
81 5 1
42 18 2
1 2 23
88 8 3
52 3 19
4 2 15
52 9 15
1 5 15
6 27 1
52 2 5
102 5 1
52 10 19
78 4 13
1 5 12
32 11 6
1 35 1
32 6 6
64 1 18
4 6 12
52 14 7
4 6 33
59 1 7
1 5 4
1 5 13
52 1 19
72 1 5
48 1 12
32 29 6
4 1 31
9 6 3
1 3 26
74 3 8
24 23 1
110 2 8
73 1 7
15 22 5
94 2 5
52 8 6
23 2 3
3 18 1
32 10 4
52 4 5
78 14 4
4 6 21
74 2 14
15 30 2
23 6 2
48 1 15
19 17 2
52 2 20
1 4 20
33 21 1
52 7 5
43 2 1
32 21 4
64 3 3
52 15 11
15 24 2
64 1 21
7 19 3
32 3 3
3 28 1
94 9 9
52 6 8
88 1 10
52 20 6
1 6 24
4 8 19
24 1 29
52 10 19
24 1 14
1 6 31
95 1 2
61 2 2
74 15 1
53 8 1
32 29 7
1 5 4
32 25 7
4 4 9
32 3 1
15 25 4
1 5 8
34 1 14
1 25 2
1 5 1
40 2 2
59 1 9
24 1 5
78 5 5
41 1 11
42 26 1
11 19 1
52 9 3
4 8 21
94 12 1
1 29 2
59 2 14
52 17 8
52 13 8
78 1 9
16 1 5
50 1 1
19 1 2
34 3 23
24 19 1
15 27 3
32 3 6
34 2 19
1 5 24
1 1 27
1 9 3
103 8 1
4 4 13
7 8 4
32 5 22
1 4 32
78 8 4
52 5 5
4 6 23
62 2 1
99 11 1
78 1 10
4 5 16
74 4 14
15 17 3
52 20 5
32 15 3
121 2 3
32 25 4
94 2 9
3 7 1
52 5 8
1 29 3
42 15 2
11 11 1
94 9 13
15 23 4
52 20 11
52 9 9
32 28 1
52 15 9
94 3 9
7 29 7
4 6 30
52 22 12
78 1 12
1 18 2
32 2 13
64 3 18
32 5 18
52 13 5
4 5 20
1 35 2
34 4 8
32 3 15
1 35 3
52 7 13
95 1 10
7 13 7
52 4 20
7 28 5
32 13 5
22 4 4
78 4 8
11 23 2
125 1 2
52 15 7
32 7 23
32 3 20
32 26 4
64 1 18
4 7 22
34 1 3
32 21 3
4 7 20
4 9 7
4 7 21
64 2 14
7 29 3
52 2 10
1 6 19
114 3 3
114 6 4
71 2 1
1 4 2
52 14 9
32 7 19
52 13 2
4 9 22
32 28 4
52 17 15
32 4 16
94 12 10
7 26 6
15 28 3
