170 6 30
1 49 2
58 48 13
58 10 23
264 5 7
97 14 1
215 12 26
198 3 28
1 13 29
134 3 10
163 24 2
1 4 44
235 11 1
255 8 21
65 5 17
16 7 7
1 4 60
85 2 47
58 47 14
10 5 63
136 43 3
58 34 13
170 4 38
204 1 21
16 53 1
71 2 34
147 4 7
58 31 9
82 14 1
233 2 16
134 7 24
1 31 2
115 25 1
160 3 12
58 7 23
93 1 28
58 26 7
290 1 1
185 5 8
246 1 18
1 2 57
215 1 2
371 3 5
58 4 33
58 43 8
58 53 14
1 28 3
101 1 41
160 1 6
198 25 4
103 13 1
58 20 27
275 12 5
275 7 10
275 3 15
215 6 15
1 8 14
74 23 1
82 1 4
31 7 4
1 19 11
198 28 2
93 5 37
10 5 27
16 56 3
120 25 2
58 23 33
1 44 4
327 5 2
225 25 4
274 7 4
1 69 6
1 8 16
58 53 7
71 6 17
179 1 16
317 11 3
317 9 9
58 40 15
1 62 2
93 5 27
215 1 18
1 4 58
58 6 38
275 7 10
123 1 40
16 25 2
225 3 2
241 1 5
58 54 19
58 38 6
1 13 65
58 18 6
225 4 24
68 1 22
1 6 29
274 6 3
1 25 2
58 52 8
58 39 25
136 31 1
147 24 7
1 56 2
71 7 22
206 1 24
58 31 5
18 15 1
58 30 16
215 4 8
1 2 61
1 2 16
270 2 7
58 16 14
1 8 38
264 3 12
275 15 6
1 11 61
1 29 9
275 7 15
38 41 2
58 53 15
134 7 38
58 17 41
58 49 7
130 10 1
194 5 17
31 61 2
1 16 7
198 3 28
263 1 17
31 60 1
215 5 25
1 9 55
334 5 9
135 3 23
10 3 15
38 26 1
215 6 16
10 3 42
29 50 2
58 6 32
16 7 3
198 3 11
142 5 1
1 39 5
317 12 4
270 2 1
58 39 18
275 1 12
1 8 66
1 9 60
215 1 31
93 5 14
145 38 2
275 18 5
264 17 7
6 63 2
87 26 1
315 1 1
6 30 2
130 3 1
110 20 1
1 5 17
43 2 37
136 18 4
2 1 48
1 5 58
58 25 14
58 11 11
1 32 2
225 4 23
275 15 10
83 1 2
58 18 8
1 2 45
10 6 50
276 8 3
163 34 3
58 19 22
1 1 61
276 7 1
134 4 4
147 20 6
317 10 7
58 43 4
71 6 17
198 27 4
58 46 5
1 12 46
89 22 2
147 23 2
198 11 6
31 4 5
135 1 38
170 3 24
215 7 26
93 3 35
147 5 7
1 1 7
344 2 3
318 4 9
215 3 17
317 12 8
206 1 29
43 2 24
10 2 13
1 5 59
47 58 1
134 2 6
136 17 1
1 13 48
215 6 30
291 1 14
153 3 13
295 2 1
215 3 11
1 48 3
74 31 1
159 31 1
31 44 2
1 12 41
58 34 19
1 9 52
125 1 11
1 8 50
56 21 1
188 6 1
58 17 53
136 2 5
64 50 3
71 6 35
16 10 4
58 13 24
281 1 6
58 49 16
31 37 2
58 5 17
1 2 14
151 30 5
215 18 3
1 11 33
20 3 1
1 31 2
1 59 1
207 1 17
1 45 1
1 36 6
47 23 2
47 17 5
255 5 18
93 3 9
58 2 49
1 2 59
58 17 5
215 7 4
58 56 8
123 4 38
58 21 30
150 3 3
1 2 60
58 17 8
1 15 4
58 23 11
58 16 35
353 7 3
1 39 4
215 14 5
1 12 57
58 28 24
225 3 24
1 23 2
58 28 36
1 55 3
58 10 53
1 40 7
58 18 53
264 13 3
311 2 7
1 52 3
58 39 9
1 23 4
198 16 5
215 7 6
134 7 28
215 5 9
1 20 1
82 14 1
151 15 6
193 12 3
31 59 4
145 12 2
123 1 9
151 2 5
123 1 24
1 10 35
58 40 18
143 1 30
194 2 37
1 9 31
1 11 66
1 10 14
85 2 38
58 49 7
276 12 2
134 2 28
25 1 56
134 6 33
104 2 47
264 9 6
58 2 31
303 4 2
93 3 9
210 29 1
151 35 2
1 13 49
1 4 11
64 27 2
368 5 1
145 40 2
6 30 2
275 19 10
58 20 18
89 21 2
185 5 11
215 11 4
1 12 18
276 12 2
151 8 5
215 5 9
275 19 12
58 20 25
88 2 1
225 2 13
1 13 2
65 3 26
16 61 2
56 45 1
58 36 25
16 23 5
264 25 5
225 5 1
58 39 3
1 2 19
225 2 5
58 15 7
71 6 48
1 4 26
215 5 18
1 8 50
1 8 33
215 10 21
255 4 10
89 25 3
58 17 32
58 28 2
185 2 30
163 16 3
275 16 13
58 12 8
160 3 34
1 9 60
1 2 27
58 7 36
6 3 2
58 3 25
93 5 21
317 9 10
147 6 7
1 1 54
58 6 38
93 3 17
6 14 2
134 7 27
334 8 12
204 1 25
1 3 20
58 55 11
1 6 11
275 10 13
2 1 48
58 16 7
1 12 54
128 43 1
65 1 56
16 54 2
215 10 14
58 28 12
1 2 58
264 4 3
145 7 2
104 1 15
194 5 31
58 27 27
16 9 7
31 56 2
16 50 5
303 2 3
31 13 1
16 43 3
194 2 16
71 7 21
58 47 11
58 44 18
162 7 2
229 5 3
1 6 46
246 9 1
58 14 44
1 27 5
275 14 12
16 43 5
164 3 1
136 21 5
317 13 7
103 5 1
93 2 41
58 16 31
58 46 8
15 1 2
31 34 3
1 1 35
58 19 34
264 13 6
58 53 14
18 26 1
93 5 15
65 5 14
170 3 34
1 14 39
58 19 50
225 4 13
193 21 3
115 10 1
303 2 11
58 53 24
194 4 29
264 15 4
104 1 44
275 18 13
1 39 4
147 30 6
58 44 16
29 59 1
255 8 14
71 7 21
43 2 26
56 3 1
58 21 10
1 52 6
153 2 33
17 1 28
74 46 1
115 25 2
1 2 56
255 2 23
153 1 9
198 25 5
264 18 8
38 41 2
185 4 24
58 46 27
58 40 25
58 13 5
151 41 5
1 9 52
58 1 27
58 37 7
134 6 9
58 53 18
136 23 5
353 7 4
215 11 7
1 6 50
58 26 53
58 37 26
1 2 42
58 14 57
225 4 20
49 1 54
269 1 5
47 40 4
58 13 5
58 32 18
29 24 1
170 4 13
58 53 8
58 1 55
58 5 3
58 14 32
1 3 62
58 56 25
10 4 46
2 1 19
134 6 30
233 2 10
255 4 20
1 2 15
85 1 8
58 7 55
147 37 5
255 4 15
353 1 5
1 12 31
151 20 1
10 3 24
264 7 3
31 24 5
58 14 54
58 18 32
275 8 17
58 31 15
151 11 5
16 7 5
264 4 6
1 8 42
65 7 36
38 44 2
215 10 9
255 6 17
147 27 7
246 12 5
275 16 6
260 3 1
204 1 19
225 2 9
97 29 1
1 2 29
58 25 57
311 2 8
64 51 3
151 32 4
58 25 41
1 3 36
16 24 2
1 9 21
1 57 5
1 6 37
198 12 4
58 27 7
255 7 21
215 29 2
58 38 25
58 25 2
275 16 13
16 58 7
1 14 48
1 11 59
58 19 28
134 4 39
147 25 6
87 52 1
58 4 40
58 32 18
225 4 10
85 1 46
58 22 6
215 8 3
307 8 5
1 20 20
1 2 44
1 14 33
150 4 5
1 13 2
16 9 5
215 25 6
325 2 1
225 4 23
215 2 26
163 34 2
198 5 6
58 36 3
116 1 15
1 44 2
58 47 2
191 1 2
58 14 29
58 13 8
170 4 34
71 3 50
123 3 43
47 44 3
58 46 26
58 12 48
1 12 55
198 11 2
215 11 17
1 16 16
163 13 2
275 21 14
194 5 27
157 1 1
215 25 6
1 13 21
1 13 7
58 44 2
49 2 28
58 56 22
58 49 7
264 11 9
110 26 3
58 25 18
160 2 35
1 8 18
58 36 24
348 6 1
105 23 2
58 32 8
1 3 62
71 1 50
337 2 3
134 4 3
1 5 65
317 15 2
120 27 2
1 64 4
47 31 5
317 15 9
264 20 6
275 17 7
1 12 48
61 1 1
198 20 2
65 5 26
193 10 2
225 3 29
58 10 57
58 4 19
93 5 48
1 16 18
105 39 1
134 4 4
123 3 38
134 1 8
275 17 11
58 20 8
56 27 1
1 12 26
1 30 5
215 5 10
255 6 10
147 16 4
13 2 7
58 25 19
58 14 11
110 44 2
58 35 23
58 39 15
246 8 4
1 13 21
31 4 4
348 5 1
1 13 27
58 46 3
89 41 2
31 16 5
215 17 6
58 15 52
1 55 2
215 29 1
225 5 6
1 7 38
317 9 8
1 55 7
16 17 1
58 47 16
58 37 11
225 3 6
1 9 31
334 5 10
1 13 66
78 1 31
1 7 61
181 8 1
58 12 53
115 4 3
58 12 24
134 2 33
1 3 65
1 41 8
49 1 60
1 8 58
275 20 5
275 15 7
275 5 14
58 26 7
246 2 11
89 35 1
6 32 2
47 6 2
38 11 2
1 32 4
71 4 46
1 9 49
317 2 11
153 4 36
193 31 2
104 2 15
18 27 1
170 5 15
215 29 4
58 13 24
1 8 12
71 3 28
1 4 21
1 19 13
1 2 5
147 37 5
58 49 7
65 5 40
89 27 2
1 12 11
93 1 10
264 21 6
1 27 2
290 12 1
147 15 6
58 12 1
58 36 2
160 3 32
16 59 5
1 13 51
134 6 11
1 40 7
58 44 20
1 7 39
1 11 48
138 5 3
10 3 8
160 1 36
58 55 2
103 25 2
275 2 17
210 18 1
89 41 2
65 2 26
198 36 4
275 15 19
58 7 57
317 1 9
185 1 9
123 3 5
307 13 5
103 44 1
147 21 2
135 7 8
71 6 26
123 1 7
18 63 1
198 19 2
317 5 9
16 58 4
151 9 1
125 1 8
317 14 3
58 25 40
1 20 5
376 4 2
125 2 24
1 53 5
275 13 15
125 1 12
147 26 2
87 8 1
31 51 3
246 14 3
1 8 50
134 2 18
123 1 25
58 9 51
58 52 26
31 23 2
181 37 1
275 16 3
31 19 3
170 2 14
1 14 40
329 1 8
58 14 46
255 4 9
1 37 9
1 4 30
151 2 4
215 5 13
71 6 30
275 12 12
58 24 2
31 42 3
134 2 17
58 58 18
18 9 1
93 3 12
115 19 3
1 37 2
64 30 1
1 53 3
58 10 55
58 38 26
115 25 3
134 4 31
1 36 3
89 37 4
31 48 1
65 3 43
105 29 1
134 4 31
58 55 1
135 3 7
275 9 19
1 49 4
43 2 20
56 7 1
58 12 6
135 4 40
58 31 26
31 18 2
172 19 1
134 7 19
225 21 3
58 44 2
1 56 6
181 8 1
1 2 9
1 42 6
160 2 7
58 21 41
16 4 5
215 14 5
147 28 7
104 1 15
6 39 1
58 52 24
264 12 3
1 26 5
225 4 5
324 12 1
1 34 5
58 22 28
1 13 35
58 7 54
1 8 22
103 9 1
58 46 15
65 5 37
1 10 63
1 8 5
264 20 9
58 2 57
270 2 7
255 4 23
58 37 22
6 45 1
206 1 31
255 10 5
74 33 1
215 10 27
143 1 40
1 3 17
162 7 5
1 9 42
246 6 5
273 5 1
58 28 2
275 15 8
120 42 1
378 2 4
65 7 3
1 8 29
1 49 2
58 30 7
29 58 1
58 21 19
1 3 11
255 8 7
71 1 52
303 1 4
10 4 33
71 1 20
151 12 6
89 21 4
58 7 45
1 10 28
