80 29 3
35 2 14
266 19 1
227 31 1
185 13 1
176 1 24
101 13 55
35 5 26
7 66 3
121 44 18
80 3 69
7 62 5
7 71 6
60 50 19
346 18 3
218 9 5
60 7 19
222 7 24
328 4 29
137 46 1
7 58 3
95 6 66
4 13 2
121 19 6
80 29 3
272 18 4
121 60 17
121 57 15
121 40 19
60 8 20
241 1 33
206 6 4
316 31 10
99 35 2
80 2 73
47 2 23
354 2 32
316 29 6
1 5 16
113 8 5
17 71 2
146 1 59
1 1 64
4 22 3
70 3 64
206 6 39
60 41 7
17 75 3
7 79 1
1 11 36
383 6 3
291 25 1
95 5 27
186 8 56
7 2 55
101 10 14
121 35 2
343 6 20
438 1 17
366 7 6
272 8 16
7 31 7
170 21 1
343 4 30
102 3 12
60 9 5
7 67 9
389 23 4
101 13 47
34 77 1
60 55 19
4 15 4
1 6 24
60 11 7
1 1 87
1 3 12
389 10 7
60 38 1
316 13 6
387 3 33
300 17 1
7 60 10
206 3 30
212 28 1
60 13 15
121 53 3
272 45 6
25 16 2
235 3 46
7 6 52
60 68 5
7 16 8
113 4 5
95 5 19
272 35 7
1 3 79
389 13 15
121 62 2
1 4 24
89 43 1
60 28 20
18 2 79
206 12 20
60 33 12
1 35 4
1 4 16
112 1 15
1 7 7
212 4 47
121 6 16
497 11 3
249 2 44
222 26 6
186 4 24
387 4 14
332 2 4
272 26 7
121 61 8
121 47 18
60 29 19
316 3 21
195 29 1
101 6 1
1 13 62
101 10 29
101 5 30
7 61 11
60 31 6
4 23 5
235 8 36
222 5 52
354 1 31
70 2 75
7 77 8
4 16 3
343 26 4
142 1 9
389 11 27
101 11 31
130 1 24
389 23 9
1 8 71
60 26 20
252 39 6
60 51 6
222 4 46
7 15 7
206 7 33
296 6 3
80 1 65
283 1 1
272 5 38
4 62 5
7 70 11
7 37 8
7 9 62
206 1 40
1 3 4
101 9 29
235 7 35
343 12 3
95 5 11
101 12 18
121 5 62
35 1 4
60 36 3
121 30 2
121 59 15
60 61 15
186 8 17
397 10 2
258 2 34
90 5 67
121 46 21
1 3 17
272 7 44
1 41 2
70 3 65
60 71 14
101 7 39
60 25 8
1 3 50
343 2 4
95 6 23
7 7 39
121 6 58
206 8 9
58 2 9
1 3 23
266 18 1
4 17 3
155 41 1
101 28 3
60 68 9
7 45 6
389 8 8
60 7 8
7 3 49
300 31 2
90 2 27
101 12 57
343 6 32
60 59 8
112 1 47
473 6 1
7 57 6
222 34 6
412 20 6
101 6 62
121 52 6
206 6 26
383 10 3
1 7 90
1 9 6
267 1 13
206 5 8
60 41 19
389 26 3
471 13 1
101 5 12
1 2 19
343 8 18
284 1 12
252 12 5
222 10 3
389 7 7
80 3 40
121 60 21
412 10 11
121 60 7
121 12 24
222 35 4
277 2 43
258 11 2
21 1 49
328 4 11
60 21 19
389 7 23
121 46 8
121 10 13
101 6 36
60 24 8
121 45 16
4 67 6
101 10 37
90 3 20
1 5 1
60 48 10
346 32 3
121 12 25
485 2 15
60 6 16
35 3 45
4 17 4
95 5 32
202 37 2
328 6 21
121 6 10
60 45 5
121 60 5
95 4 60
222 26 3
121 10 36
60 63 19
4 5 6
290 1 1
389 11 21
121 50 21
1 2 57
7 35 4
60 48 9
1 25 1
375 3 16
4 29 4
258 44 2
328 4 9
186 4 42
1 3 20
18 3 46
464 6 1
101 5 63
235 5 44
391 4 26
80 3 20
316 34 2
272 33 8
60 66 8
121 21 20
218 11 3
101 33 3
389 23 6
101 10 50
194 2 16
222 5 59
35 4 20
272 9 16
343 4 14
1 54 2
1 52 4
343 9 38
155 23 1
252 21 3
112 1 59
101 47 3
4 38 4
272 39 2
4 73 5
4 21 4
1 3 50
121 10 39
101 66 3
35 1 11
223 3 1
444 14 9
316 22 6
121 46 8
121 19 5
7 71 4
140 1 59
60 26 1
34 26 1
60 26 2
7 16 7
101 10 15
55 36 1
121 5 63
45 71 1
1 6 72
475 16 1
272 22 8
80 2 72
41 1 49
235 6 41
277 4 19
272 23 4
343 6 8
71 9 1
1 6 43
95 6 34
272 41 8
389 16 11
343 5 18
383 21 3
343 5 9
60 37 5
60 25 8
389 17 4
121 3 72
7 56 4
316 3 24
1 56 4
121 46 14
444 7 9
7 60 7
121 61 21
121 31 14
4 10 5
7 61 10
471 3 8
60 53 17
316 29 4
1 3 6
60 44 4
272 7 16
1 12 15
1 4 33
90 5 68
252 38 3
1 6 26
121 43 4
7 4 14
121 8 62
101 10 31
389 10 12
389 17 8
1 39 2
7 10 57
222 51 4
252 25 6
272 11 6
58 2 39
7 56 9
113 3 8
277 3 13
80 2 26
7 34 9
121 1 7
7 61 6
99 67 2
252 20 2
252 20 4
35 4 24
60 19 2
367 1 24
389 3 20
90 3 12
352 10 1
470 3 17
316 37 5
401 2 1
1 11 51
153 1 17
121 10 55
284 1 29
294 1 6
121 6 53
142 2 5
101 13 37
343 3 34
101 4 6
145 27 3
272 36 7
272 35 9
235 6 28
101 11 29
142 1 8
41 1 68
90 3 38
7 9 80
1 4 18
222 49 4
70 3 72
252 5 7
60 53 9
200 1 59
95 3 48
70 1 44
60 52 7
35 3 83
145 58 1
121 6 28
419 6 8
60 25 8
4 45 2
95 7 66
222 6 7
444 18 1
101 14 53
272 1 52
55 59 1
35 3 36
343 7 32
222 4 44
222 17 3
1 3 63
155 40 1
70 4 28
412 4 8
121 60 10
7 42 7
1 65 2
1 5 42
294 8 2
137 41 1
316 3 9
309 1 4
393 2 26
272 10 41
60 71 17
60 45 18
121 61 9
328 3 3
121 2 69
235 1 46
7 7 58
58 3 22
1 2 74
206 10 57
95 2 33
7 26 7
272 10 33
112 1 15
387 4 24
177 1 46
463 7 9
101 12 23
517 2 1
95 5 13
412 20 8
101 5 52
447 3 9
186 6 20
235 6 36
389 9 11
343 1 27
130 2 41
496 3 5
316 1 21
1 4 43
113 14 7
121 66 5
206 10 41
470 1 6
1 6 22
272 26 6
70 12 1
328 7 35
212 3 3
101 6 38
95 5 70
186 1 37
393 2 20
121 21 9
272 7 14
316 31 9
121 3 52
95 5 53
60 11 16
1 3 83
121 3 33
121 3 49
243 46 1
4 36 2
7 26 7
121 62 11
58 3 44
7 23 10
235 7 46
80 2 68
101 3 51
4 15 2
101 10 38
80 44 1
7 53 8
121 47 12
4 47 3
252 16 5
222 44 4
361 1 25
60 12 8
1 2 23
95 3 54
463 9 13
7 7 46
1 11 62
60 65 2
389 17 16
343 6 36
343 9 17
121 42 12
101 49 3
241 1 52
60 72 16
101 4 38
202 5 2
121 44 4
343 8 24
186 6 19
277 3 41
121 6 20
70 3 1
70 5 32
17 18 2
235 5 15
7 8 78
121 67 10
60 71 7
316 36 7
99 22 1
101 9 60
235 7 34
60 20 8
18 3 14
316 27 6
497 6 9
95 5 40
60 15 14
4 52 3
121 60 21
121 11 61
34 61 1
389 18 7
60 58 2
222 21 8
185 31 1
50 1 76
1 3 25
60 73 14
316 21 3
412 10 26
272 6 17
241 1 38
186 7 45
235 6 9
121 42 12
58 2 14
1 12 4
60 54 7
60 58 7
252 33 3
101 17 3
241 1 34
343 6 24
60 40 2
389 20 16
1 4 52
113 14 6
99 51 1
95 4 61
309 1 4
60 58 6
258 3 32
121 13 44
206 6 52
121 22 14
7 3 37
60 25 15
7 6 67
1 2 77
277 2 24
60 38 9
121 10 44
123 6 2
95 6 45
7 64 6
412 4 16
95 4 42
296 9 5
343 14 8
60 34 16
235 3 40
202 23 2
7 26 7
316 27 3
121 14 37
113 1 9
485 1 14
323 7 4
70 3 66
235 7 19
272 5 22
1 3 48
389 25 8
328 3 29
389 5 25
389 10 21
101 11 45
1 6 47
60 52 8
112 1 44
101 13 45
316 17 7
121 17 7
7 53 7
212 3 49
4 43 2
280 28 2
1 2 49
7 67 6
1 76 3
316 34 6
272 25 4
530 4 2
206 6 16
343 16 3
18 1 61
121 35 12
60 8 20
316 1 12
60 75 8
7 77 7
60 59 8
60 52 3
389 16 22
206 17 4
60 24 17
272 3 31
121 20 5
1 5 30
1 3 57
412 4 11
121 12 27
252 41 1
121 43 8
80 64 3
4 48 5
319 5 14
319 5 6
343 24 8
60 57 8
49 5 1
206 8 23
1 3 6
272 24 9
7 9 8
497 9 6
55 35 2
194 2 14
121 62 7
60 6 9
387 2 34
101 4 46
272 7 32
45 45 2
137 18 1
121 10 71
121 57 7
18 3 4
194 2 40
7 77 4
60 33 2
252 20 6
389 27 14
95 7 66
121 6 9
202 51 2
7 19 9
121 4 10
463 5 9
7 8 73
316 21 3
328 3 35
121 20 19
70 2 28
29 2 13
418 1 2
121 1 51
60 19 7
328 3 29
70 65 1
121 42 21
316 18 7
389 4 13
95 3 69
332 5 7
222 25 6
60 40 7
252 34 4
252 6 7
121 9 17
155 43 1
99 45 3
316 9 3
316 34 10
272 9 8
121 12 35
121 47 13
121 6 20
60 52 2
95 5 49
58 1 77
121 66 15
60 46 1
8 1 2
80 2 44
206 9 36
186 7 44
207 10 2
206 7 60
121 43 9
35 5 75
497 9 9
412 4 22
202 48 2
101 5 59
130 5 16
272 38 7
475 11 7
4 19 2
60 42 9
1 12 29
284 1 4
389 5 10
389 21 16
