59 3 1
45 23 3
55 3 18
2 5 27
38 4 1
1 25 2
145 6 1
76 13 2
1 10 2
47 23 3
76 17 6
1 14 9
99 12 2
76 7 16
1 18 6
22 8 4
45 10 2
99 15 3
76 8 13
1 17 2
150 2 2
107 4 4
1 11 3
107 7 5
125 2 5
99 7 3
1 8 4
31 2 27
1 25 9
1 29 5
114 10 1
38 18 1
35 6 3
17 16 2
45 6 21
55 2 23
1 21 2
76 13 5
17 24 3
82 4 10
2 4 27
22 5 9
1 3 3
1 11 5
67 14 1
111 1 8
76 11 4
107 6 6
59 7 2
76 3 19
31 3 12
109 1 2
46 5 20
45 5 20
53 17 1
80 1 7
77 1 1
2 12 3
28 9 1
45 2 18
45 15 3
31 3 3
61 2 7
46 5 23
1 9 2
1 19 9
2 2 19
47 15 8
22 1 28
2 5 18
17 12 2
23 18 2
1 9 7
22 2 10
145 4 4
35 7 5
1 18 3
129 6 3
45 2 12
67 7 3
45 4 18
99 14 4
71 1 4
1 6 33
35 7 1
47 13 1
1 29 3
17 23 4
1 2 3
1 10 2
20 12 1
76 4 13
46 3 15
143 6 6
76 3 11
1 27 4
61 3 12
47 11 3
45 5 13
76 19 4
140 8 2
47 16 4
45 13 6
45 21 2
1 19 2
1 17 8
45 16 6
76 8 3
1 24 4
20 2 2
76 7 13
61 3 19
31 4 27
71 1 14
1 17 1
1 18 8
46 1 15
76 3 15
143 5 8
17 18 3
45 21 2
76 7 18
31 13 2
46 3 15
17 26 2
107 9 4
2 2 13
40 1 4
55 3 20
25 4 14
47 13 8
76 8 7
30 1 1
76 6 16
25 2 4
1 22 9
107 10 2
31 15 2
31 4 21
76 7 3
47 18 5
13 3 3
67 20 3
89 1 12
1 5 28
31 13 2
45 1 21
103 1 4
99 7 5
107 10 7
31 1 15
76 9 15
2 1 31
1 17 2
22 9 4
2 1 29
1 23 10
104 2 5
47 12 4
31 16 2
55 2 5
76 6 6
9 12 1
1 20 9
29 3 9
99 10 6
76 9 3
1 16 6
1 6 8
15 9 5
76 13 5
46 3 10
112 5 10
25 2 14
1 29 3
89 1 10
1 4 27
1 6 7
1 2 7
1 4 27
2 2 21
59 2 1
99 4 4
94 5 1
76 4 13
76 2 9
152 6 1
76 7 19
22 9 10
45 4 10
124 7 1
1 17 3
1 1 5
98 16 1
1 6 6
47 3 8
99 14 7
31 12 2
45 6 15
25 3 25
1 4 15
23 24 2
107 11 3
31 2 15
107 4 12
25 5 13
1 6 6
1 6 12
67 7 1
1 20 4
76 6 13
2 2 14
38 2 5
1 5 14
15 9 4
47 17 4
45 22 3
71 1 12
67 18 2
25 1 19
25 5 21
1 2 27
1 25 3
22 10 4
31 1 29
1 2 24
45 3 15
47 11 4
29 3 4
2 4 11
99 10 5
25 4 21
45 2 16
22 1 9
47 13 4
112 6 11
126 1 5
17 13 4
1 17 8
1 11 3
76 8 6
45 4 25
98 2 15
2 3 32
2 4 18
67 9 1
140 4 2
45 10 4
140 7 6
1 13 6
76 3 15
1 15 4
46 3 14
22 7 12
25 2 16
76 3 14
125 1 5
22 4 20
2 5 8
13 6 1
31 17 3
25 5 9
23 18 2
53 16 1
45 12 4
22 2 20
45 8 4
67 3 2
114 13 1
20 8 1
1 5 11
55 4 10
1 25 2
46 4 4
22 8 3
1 27 9
25 1 20
46 4 17
102 2 7
1 15 3
1 19 4
31 11 2
31 10 3
1 29 2
59 10 2
1 8 2
76 6 18
114 7 1
1 6 9
47 20 5
76 9 3
1 25 3
11 16 1
129 8 4
45 21 3
1 18 4
22 9 5
76 7 14
1 29 2
129 7 3
99 6 7
1 15 3
31 27 2
1 5 1
8 1 15
13 11 2
1 8 3
2 2 15
76 8 5
47 8 6
111 1 13
99 7 6
17 23 4
45 24 1
1 3 19
98 9 2
1 17 3
125 2 6
82 4 8
47 13 4
112 4 7
17 5 2
46 6 25
114 11 2
1 24 6
1 21 5
45 11 2
1 3 9
112 4 5
47 16 6
76 5 7
112 1 6
47 9 3
1 2 33
55 3 10
99 11 6
1 20 5
17 6 3
112 4 3
59 12 2
31 2 20
46 3 18
17 21 3
114 4 2
22 3 7
76 19 3
47 16 4
1 17 6
2 1 14
67 3 3
1 28 7
76 6 13
76 10 4
31 19 2
1 4 31
46 5 26
1 19 5
1 20 9
38 2 3
76 6 19
76 8 18
140 8 1
2 2 20
1 26 2
1 9 5
59 16 2
47 23 1
2 2 18
1 8 5
16 1 2
76 2 10
82 4 9
1 25 8
107 7 8
1 4 25
45 22 1
25 2 23
20 7 2
1 2 34
140 4 3
1 7 9
1 23 1
67 6 2
47 9 7
1 18 3
67 5 2
46 1 9
45 5 3
1 8 5
1 29 5
1 2 14
121 11 1
25 2 24
22 9 1
17 6 3
31 3 21
99 3 8
107 1 1
1 19 7
2 2 23
76 8 18
76 16 5
31 18 2
1 26 4
17 29 2
1 29 3
45 15 2
45 4 24
1 21 3
31 5 4
145 6 4
1 20 3
45 1 12
25 1 24
1 2 14
25 2 26
46 3 3
47 9 8
113 1 2
69 1 10
55 1 15
114 12 1
31 14 3
2 4 29
1 25 6
76 15 1
61 2 8
2 7 26
22 4 11
22 5 5
1 5 10
1 19 2
76 7 1
61 2 16
1 24 7
45 12 2
140 7 4
46 4 11
22 6 3
22 4 5
1 16 3
76 12 7
114 9 1
98 15 2
76 8 4
22 4 10
31 24 3
5 8 1
2 4 5
47 15 4
46 1 18
55 1 23
25 2 25
38 7 1
45 21 2
45 17 4
1 9 3
61 2 16
45 13 2
76 5 6
1 7 7
17 13 3
76 9 5
129 4 7
46 3 13
1 13 2
107 11 4
140 5 7
126 1 4
99 3 7
59 18 1
107 4 8
76 16 5
131 1 7
1 19 5
1 11 7
1 2 34
2 5 25
1 2 33
107 7 4
76 5 11
45 1 11
76 15 4
76 5 13
31 13 1
46 6 15
45 5 27
1 4 4
1 2 3
31 5 15
112 1 9
45 2 10
85 2 1
28 10 1
76 8 3
31 19 1
2 5 10
1 24 8
1 2 8
1 27 2
45 17 3
45 9 4
31 3 12
1 20 8
55 2 8
1 24 6
2 7 32
5 6 1
61 3 2
98 13 2
22 10 5
31 3 21
45 8 1
47 9 3
22 9 3
76 16 5
2 5 24
17 25 2
22 5 8
69 1 23
8 1 15
31 21 2
107 13 1
1 2 13
76 4 4
31 2 15
8 1 14
2 4 31
76 3 9
99 7 8
98 13 2
1 4 7
76 16 4
17 9 3
55 3 7
76 7 3
107 4 2
11 22 1
145 5 4
1 29 4
76 9 14
22 3 21
1 20 2
25 2 21
47 4 2
45 8 2
1 3 1
45 4 19
22 4 29
1 24 6
1 31 5
112 1 11
67 20 3
140 2 8
1 1 6
128 1 3
2 4 8
1 25 3
47 16 8
61 1 20
22 3 9
46 5 22
31 5 16
53 13 1
22 2 18
124 8 1
22 7 5
1 4 25
114 11 2
2 14 1
15 10 4
107 3 11
47 13 4
67 12 3
67 18 3
129 6 3
1 16 3
25 1 28
46 1 25
2 6 10
25 5 23
71 1 17
61 2 15
35 5 2
31 23 3
2 1 29
45 24 3
76 5 18
47 17 5
1 2 3
82 2 10
2 7 13
31 4 24
9 4 2
76 16 5
149 1 2
1 16 2
100 1 2
40 1 28
76 6 19
38 13 1
46 4 12
46 4 9
45 4 3
76 3 13
76 16 3
38 2 7
46 1 21
1 2 8
1 19 10
76 13 2
31 23 3
76 20 1
55 1 4
45 4 3
55 3 22
82 3 11
55 3 17
22 1 22
1 25 2
31 4 11
84 7 1
140 8 3
76 16 5
1 19 9
148 3 3
45 3 21
1 4 5
76 4 5
139 1 7
76 8 16
134 2 8
103 1 9
45 4 26
76 5 3
76 14 3
45 10 2
96 2 2
1 14 3
1 4 13
45 21 3
1 20 4
45 2 16
140 5 5
31 4 28
22 4 25
46 3 11
47 23 3
33 1 6
1 5 12
1 25 5
23 19 2
114 8 2
8 1 33
61 3 14
40 1 5
129 6 4
22 2 22
15 3 2
31 2 13
15 8 2
47 15 4
76 7 19
61 2 14
76 2 9
8 1 19
61 2 24
1 22 6
1 2 32
2 6 25
76 13 6
46 4 13
1 2 2
25 4 25
45 2 13
1 2 21
52 1 3
107 3 8
25 4 7
22 8 4
91 15 1
17 13 2
45 25 4
76 8 15
1 30 2
112 6 9
2 5 18
2 2 11
31 2 17
22 3 6
1 5 2
151 1 2
31 2 2
35 5 5
2 3 30
47 23 3
1 19 3
143 1 4
31 14 2
1 23 7
22 3 19
1 6 3
46 1 14
47 19 6
76 3 12
2 4 11
1 13 3
25 2 29
17 18 4
98 8 2
22 3 22
1 1 29
47 8 1
107 3 15
99 3 2
1 18 9
84 5 1
40 1 14
107 10 7
55 3 18
47 17 6
55 2 11
134 2 9
38 3 9
1 24 9
76 16 3
1 19 7
47 3 1
47 19 4
31 3 18
76 5 20
1 2 27
46 4 23
47 13 7
31 1 5
140 7 2
55 3 25
76 4 12
98 2 9
17 25 3
2 5 15
99 2 5
74 1 2
1 31 3
31 4 6
22 9 5
45 12 2
47 2 6
76 2 12
76 6 7
162 1 1
1 20 6
45 5 26
107 6 5
82 4 10
117 1 5
1 31 9
1 4 21
45 4 17
46 3 11
61 2 17
40 1 9
47 6 1
1 25 3
13 12 1
13 12 2
76 3 14
29 1 5
22 8 2
47 9 1
46 3 17
59 21 2
43 5 1
98 2 13
45 21 2
124 3 1
31 5 22
76 4 5
76 9 2
2 5 8
17 20 2
17 17 3
61 1 23
1 5 30
1 17 3
76 3 7
1 23 3
107 12 7
45 12 3
99 6 8
112 6 7
1 2 25
99 9 3
76 13 7
2 6 23
91 6 1
47 24 6
2 7 31
76 7 6
99 8 8
76 3 12
76 9 6
2 4 13
76 2 5
16 1 12
1 5 22
1 14 3
84 6 1
76 10 5
23 7 1
17 17 2
112 4 8
107 6 16
45 1 8
107 4 16
45 22 5
46 2 24
38 2 7
1 19 10
1 26 3
17 24 2
2 6 23
45 21 6
13 12 2
59 14 2
31 12 3
157 2 1
99 5 4
25 1 22
22 11 5
1 2 8
76 6 20
31 22 3
76 5 19
1 2 24
47 15 2
59 18 2
76 3 11
76 7 14
76 7 2
1 28 7
